<?xml version="1.0" encoding="UTF-8"?>
<testsuite xmlns:xsi="http://www.w3.org/2001/XMLSchema-instance" xsi:noNamespaceSchemaLocation="https://maven.apache.org/surefire/maven-surefire-plugin/xsd/surefire-test-report.xsd" name="de.aicard.domains.learnset.LearnSetTest" time="0.001" tests="4" errors="0" skipped="0" failures="0">
  <properties>
    <property name="java.specification.version" value="14"/>
    <property name="sun.cpu.isalist" value="amd64"/>
    <property name="sun.jnu.encoding" value="Cp1252"/>
    <property name="java.class.path" value="D:\Fachhochschule\Programm Projekte\javaProject\aiCard\target\test-classes;D:\Fachhochschule\Programm Projekte\javaProject\aiCard\target\classes;C:\Users\Kakaosucht\.m2\repository\org\junit\jupiter\junit-jupiter-api\5.4.2\junit-jupiter-api-5.4.2.jar;C:\Users\Kakaosucht\.m2\repository\org\apiguardian\apiguardian-api\1.0.0\apiguardian-api-1.0.0.jar;C:\Users\Kakaosucht\.m2\repository\org\opentest4j\opentest4j\1.1.1\opentest4j-1.1.1.jar;C:\Users\Kakaosucht\.m2\repository\org\junit\platform\junit-platform-commons\1.4.2\junit-platform-commons-1.4.2.jar;C:\Users\Kakaosucht\.m2\repository\org\junit\jupiter\junit-jupiter-engine\5.4.2\junit-jupiter-engine-5.4.2.jar;C:\Users\Kakaosucht\.m2\repository\org\junit\platform\junit-platform-engine\1.4.2\junit-platform-engine-1.4.2.jar;C:\Users\Kakaosucht\.m2\repository\org\jetbrains\annotations\20.1.0\annotations-20.1.0.jar;C:\Users\Kakaosucht\.m2\repository\com\h2database\h2\1.4.200\h2-1.4.200.jar;C:\Users\Kakaosucht\.m2\repository\org\eclipse\persistence\org.eclipse.persistence.jpa\2.6.2\org.eclipse.persistence.jpa-2.6.2.jar;C:\Users\Kakaosucht\.m2\repository\org\eclipse\persistence\javax.persistence\2.1.1\javax.persistence-2.1.1.jar;C:\Users\Kakaosucht\.m2\repository\org\eclipse\persistence\org.eclipse.persistence.asm\2.6.2\org.eclipse.persistence.asm-2.6.2.jar;C:\Users\Kakaosucht\.m2\repository\org\eclipse\persistence\org.eclipse.persistence.antlr\2.6.2\org.eclipse.persistence.antlr-2.6.2.jar;C:\Users\Kakaosucht\.m2\repository\org\glassfish\javax.json\1.0.4\javax.json-1.0.4.jar;C:\Users\Kakaosucht\.m2\repository\org\eclipse\persistence\org.eclipse.persistence.jpa.jpql\2.6.2\org.eclipse.persistence.jpa.jpql-2.6.2.jar;C:\Users\Kakaosucht\.m2\repository\org\eclipse\persistence\org.eclipse.persistence.core\2.6.2\org.eclipse.persistence.core-2.6.2.jar;C:\Users\Kakaosucht\.m2\repository\org\projectlombok\lombok\1.18.20\lombok-1.18.20.jar;C:\Users\Kakaosucht\.m2\repository\ch\qos\logback\logback-classic\1.2.3\logback-classic-1.2.3.jar;C:\Users\Kakaosucht\.m2\repository\ch\qos\logback\logback-core\1.2.3\logback-core-1.2.3.jar;C:\Users\Kakaosucht\.m2\repository\org\slf4j\slf4j-api\1.7.25\slf4j-api-1.7.25.jar;C:\Users\Kakaosucht\.m2\repository\org\slf4j\jcl-over-slf4j\1.7.30\jcl-over-slf4j-1.7.30.jar;C:\Users\Kakaosucht\.m2\repository\junit\junit\4.13.2\junit-4.13.2.jar;C:\Users\Kakaosucht\.m2\repository\org\hamcrest\hamcrest-core\1.3\hamcrest-core-1.3.jar;"/>
    <property name="java.vm.vendor" value="ojdkbuild"/>
    <property name="sun.arch.data.model" value="64"/>
    <property name="user.variant" value=""/>
    <property name="java.vendor.url" value="https://github.com/ojdkbuild"/>
    <property name="user.timezone" value="Europe/Berlin"/>
    <property name="os.name" value="Windows 10"/>
    <property name="java.vm.specification.version" value="14"/>
    <property name="sun.java.launcher" value="SUN_STANDARD"/>
    <property name="user.country" value="DE"/>
    <property name="sun.boot.library.path" value="C:\Program Files\ojdkbuild\java-14-openjdk-14.0.2-1\bin"/>
    <property name="sun.java.command" value="C:\Users\KAKAOS~1\AppData\Local\Temp\surefire2446660199069277341\surefirebooter2775644248216043262.jar C:\Users\Kakaosucht\AppData\Local\Temp\surefire2446660199069277341 2021-05-25T10-24-43_945-jvmRun1 surefire6546832829867722913tmp surefire_014050592364668170971tmp"/>
    <property name="jdk.debug" value="release"/>
    <property name="surefire.test.class.path" value="D:\Fachhochschule\Programm Projekte\javaProject\aiCard\target\test-classes;D:\Fachhochschule\Programm Projekte\javaProject\aiCard\target\classes;C:\Users\Kakaosucht\.m2\repository\org\junit\jupiter\junit-jupiter-api\5.4.2\junit-jupiter-api-5.4.2.jar;C:\Users\Kakaosucht\.m2\repository\org\apiguardian\apiguardian-api\1.0.0\apiguardian-api-1.0.0.jar;C:\Users\Kakaosucht\.m2\repository\org\opentest4j\opentest4j\1.1.1\opentest4j-1.1.1.jar;C:\Users\Kakaosucht\.m2\repository\org\junit\platform\junit-platform-commons\1.4.2\junit-platform-commons-1.4.2.jar;C:\Users\Kakaosucht\.m2\repository\org\junit\jupiter\junit-jupiter-engine\5.4.2\junit-jupiter-engine-5.4.2.jar;C:\Users\Kakaosucht\.m2\repository\org\junit\platform\junit-platform-engine\1.4.2\junit-platform-engine-1.4.2.jar;C:\Users\Kakaosucht\.m2\repository\org\jetbrains\annotations\20.1.0\annotations-20.1.0.jar;C:\Users\Kakaosucht\.m2\repository\com\h2database\h2\1.4.200\h2-1.4.200.jar;C:\Users\Kakaosucht\.m2\repository\org\eclipse\persistence\org.eclipse.persistence.jpa\2.6.2\org.eclipse.persistence.jpa-2.6.2.jar;C:\Users\Kakaosucht\.m2\repository\org\eclipse\persistence\javax.persistence\2.1.1\javax.persistence-2.1.1.jar;C:\Users\Kakaosucht\.m2\repository\org\eclipse\persistence\org.eclipse.persistence.asm\2.6.2\org.eclipse.persistence.asm-2.6.2.jar;C:\Users\Kakaosucht\.m2\repository\org\eclipse\persistence\org.eclipse.persistence.antlr\2.6.2\org.eclipse.persistence.antlr-2.6.2.jar;C:\Users\Kakaosucht\.m2\repository\org\glassfish\javax.json\1.0.4\javax.json-1.0.4.jar;C:\Users\Kakaosucht\.m2\repository\org\eclipse\persistence\org.eclipse.persistence.jpa.jpql\2.6.2\org.eclipse.persistence.jpa.jpql-2.6.2.jar;C:\Users\Kakaosucht\.m2\repository\org\eclipse\persistence\org.eclipse.persistence.core\2.6.2\org.eclipse.persistence.core-2.6.2.jar;C:\Users\Kakaosucht\.m2\repository\org\projectlombok\lombok\1.18.20\lombok-1.18.20.jar;C:\Users\Kakaosucht\.m2\repository\ch\qos\logback\logback-classic\1.2.3\logback-classic-1.2.3.jar;C:\Users\Kakaosucht\.m2\repository\ch\qos\logback\logback-core\1.2.3\logback-core-1.2.3.jar;C:\Users\Kakaosucht\.m2\repository\org\slf4j\slf4j-api\1.7.25\slf4j-api-1.7.25.jar;C:\Users\Kakaosucht\.m2\repository\org\slf4j\jcl-over-slf4j\1.7.30\jcl-over-slf4j-1.7.30.jar;C:\Users\Kakaosucht\.m2\repository\junit\junit\4.13.2\junit-4.13.2.jar;C:\Users\Kakaosucht\.m2\repository\org\hamcrest\hamcrest-core\1.3\hamcrest-core-1.3.jar;"/>
    <property name="sun.cpu.endian" value="little"/>
    <property name="user.home" value="C:\Users\Kakaosucht"/>
    <property name="user.language" value="de"/>
    <property name="java.specification.vendor" value="Oracle Corporation"/>
    <property name="java.version.date" value="2020-07-14"/>
    <property name="java.home" value="C:\Program Files\ojdkbuild\java-14-openjdk-14.0.2-1"/>
    <property name="file.separator" value="\"/>
    <property name="basedir" value="D:\Fachhochschule\Programm Projekte\javaProject\aiCard"/>
    <property name="java.vm.compressedOopsMode" value="Zero based"/>
    <property name="line.separator" value="&#10;"/>
    <property name="java.vm.specification.vendor" value="Oracle Corporation"/>
    <property name="java.specification.name" value="Java Platform API Specification"/>
    <property name="surefire.real.class.path" value="C:\Users\KAKAOS~1\AppData\Local\Temp\surefire2446660199069277341\surefirebooter2775644248216043262.jar"/>
    <property name="user.script" value=""/>
    <property name="sun.management.compiler" value="HotSpot 64-Bit Tiered Compilers"/>
    <property name="java.runtime.version" value="14.0.2+12"/>
    <property name="user.name" value="Kakaosucht"/>
    <property name="path.separator" value=";"/>
    <property name="os.version" value="10.0"/>
    <property name="java.runtime.name" value="OpenJDK Runtime Environment"/>
    <property name="file.encoding" value="Cp1252"/>
    <property name="java.vm.name" value="OpenJDK 64-Bit Server VM"/>
    <property name="java.vendor.version" value="20.3"/>
    <property name="localRepository" value="C:\Users\Kakaosucht\.m2\repository"/>
    <property name="java.vendor.url.bug" value="https://github.com/ojdkbuild/ojdkbuild/issues"/>
    <property name="java.io.tmpdir" value="C:\Users\KAKAOS~1\AppData\Local\Temp\"/>
    <property name="idea.version" value="2021.1.1"/>
    <property name="java.version" value="14.0.2"/>
    <property name="user.dir" value="D:\Fachhochschule\Programm Projekte\javaProject\aiCard"/>
    <property name="os.arch" value="amd64"/>
    <property name="java.vm.specification.name" value="Java Virtual Machine Specification"/>
    <property name="sun.os.patch.level" value=""/>
    <property name="java.library.path" value="C:\Program Files\ojdkbuild\java-14-openjdk-14.0.2-1\bin;C:\WINDOWS\Sun\Java\bin;C:\WINDOWS\system32;C:\WINDOWS;C:\Program Files\Common Files\Oracle\Java\javapath;C:\VulkanSDK\1.2.148.0\Bin;C:\Program Files\Microsoft MPI\Bin\;C:\Program Files (x86)\Common Files\Oracle\Java\javapath;C:\Windows\system32;C:\Windows;C:\Windows\System32\Wbem;C:\Windows\System32\WindowsPowerShell\v1.0\;C:\Windows\System32\OpenSSH\;C:\WINDOWS\system32;C:\WINDOWS;C:\WINDOWS\System32\Wbem;C:\WINDOWS\System32\WindowsPowerShell\v1.0\;C:\WINDOWS\System32\OpenSSH\;C:\Program Files (x86)\NVIDIA Corporation\PhysX\Common;C:\Program Files (x86)\Microsoft SQL Server\140\Tools\Binn\;C:\Program Files\Microsoft SQL Server\140\Tools\Binn\;C:\Program Files (x86)\Microsoft SQL Server\140\DTS\Binn\;C:\Program Files\Microsoft SQL Server\140\DTS\Binn\;C:\Program Files\Microsoft SQL Server\Client SDK\ODBC\130\Tools\Binn\;C:\Program Files (x86)\Microsoft SQL Server\150\DTS\Binn\;C:\ProgramData\chocolatey\bin;C:\Program Files\Git\cmd;C:\ProgramData\chocolatey\lib\maven\apache-maven-3.6.3\bin;C:\Program Files\ojdkbuild\java-14-openjdk-14.0.2-1\missioncontrol\;C:\Program Files\ojdkbuild\java-14-openjdk-14.0.2-1\bin;C:\Program Files (x86)\mingw-w64\i686-8.1.0-posix-dwarf-rt_v6-rev0\mingw32\bin;C:\Program Files\dotnet\;C:\WINDOWS\system32;C:\WINDOWS;C:\WINDOWS\System32\Wbem;C:\WINDOWS\System32\WindowsPowerShell\v1.0\;C:\WINDOWS\System32\OpenSSH\;C:\Program Files (x86)\dotnet\;C:\Users\Kakaosucht\AppData\Local\Microsoft\WindowsApps;C:\Program Files\JetBrains\IntelliJ IDEA Community Edition 2020.2.3\bin;C:\Users\Kakaosucht\AppData\Local\GitHubDesktop\bin;C:\Users\Kakaosucht\AppData\Local\atom\bin;C:\Users\Kakaosucht\.dotnet\tools;C:\Users\Kakaosucht\AppData\Local\Microsoft\WindowsApps;;D:\Program Files (x86)\IntelliJ IDEA 2021.1.1\bin;;."/>
    <property name="java.vm.info" value="mixed mode, sharing"/>
    <property name="java.vendor" value="ojdkbuild"/>
    <property name="java.vm.version" value="14.0.2+12"/>
    <property name="sun.io.unicode.encoding" value="UnicodeLittle"/>
    <property name="java.class.version" value="58.0"/>
  </properties>
  <testcase name="testingEvaluations" classname="de.aicard.domains.learnset.LearnSetTest" time="0"/>
  <testcase name="testAuthorizationCheck" classname="de.aicard.domains.learnset.LearnSetTest" time="0"/>
  <testcase name="testingCommentList" classname="de.aicard.domains.learnset.LearnSetTest" time="0"/>
  <testcase name="testingAdminList" classname="de.aicard.domains.learnset.LearnSetTest" time="0"/>
</testsuite>